<?xml version="1.0" encoding="UTF-8"?>
<testsuite xmlns:xsi="http://www.w3.org/2001/XMLSchema-instance" xsi:noNamespaceSchemaLocation="https://maven.apache.org/surefire/maven-surefire-plugin/xsd/surefire-test-report.xsd" name="org.example.AppTest" time="0.684" tests="7" errors="0" skipped="0" failures="0">
  <properties>
[...]
</properties>
  <testcase name="shouldAnswerWithTrue" classname="org.example.AppTest" time="0.002"/>
  <testcase name="iterator_will_return_hello_world" classname="org.example.AppTest" time="0.363"/>
  <testcase name="whenSpyingOnList_thenCorrect" classname="org.example.AppTest" time="0.175"/>
  <testcase name="with_arguments" classname="org.example.AppTest" time="0.014"/>
  <testcase name="mockSpyDiff" classname="org.example.AppTest" time="0.057"/>
  <testcase name="OutputStreamWriter_rethrows_an_exception_from_OutputStream" classname="org.example.AppTest" time="0.022"/>
  <testcase name="OutputStreamWriter_Closes_OutputStream_on_Close" classname="org.example.AppTest" time="0.001"/>
</testsuite>