<?xml version="1.0" encoding="UTF-8" ?>
<testsuite tests="6" failures="0" name="RunCukesTest" time="0.225" errors="0" skipped="5">
  <properties>
[...]
</properties>
  <testcase classname="Scenario: Successful withdrawal from an account in credit" name="Given I have deposited $100 in my account" time="0.035">
    <skipped/>
  </testcase>
  <testcase classname="Scenario: Successful withdrawal from an account in credit" name="When I withdraw $20" time="0.038">
    <skipped/>
  </testcase>
  <testcase classname="Scenario: Successful withdrawal from an account in credit" name="Then $20 should be dispensed" time="0.038">
    <skipped/>
  </testcase>
  <testcase classname="Scenario: Successful withdrawal from an account in credit" name="And $80 should be the account balance" time="0.038">
    <skipped/>
  </testcase>
  <testcase classname="Scenario: Successful withdrawal from an account in credit" name="Scenario: Successful withdrawal from an account in credit" time="0.038">
    <skipped/>
  </testcase>
  <testcase classname="Scenario: Successful withdrawal from an account in credit" name="Scenario: Successful withdrawal from an account in credit" time="0.038"/>
</testsuite>